  delay.c
  I2C.c
  LiquidCrystal_I2C.c
  inc/LiquidCrystal_I2C.c: In function 'LCDI2C_init':
inc\LiquidCrystal_I2C.c(52,3): warning :  implicit declaration of function 'init_I2C1' [-Wimplicit-function-declaration]
     52 |   init_I2C1(); // Wire.begin();
        |   ^~~~~~~~~
  inc/LiquidCrystal_I2C.c: In function 'LCDI2C_expanderWrite':
inc\LiquidCrystal_I2C.c(247,2): warning :  implicit declaration of function 'I2C_StartTransmission' [-Wimplicit-function-declaration]
    247 |  I2C_StartTransmission (I2C1, I2C_Direction_Transmitter, lcdi2c.Addr); //Wire.beginTransmission(_Addr);
        |  ^~~~~~~~~~~~~~~~~~~~~
inc\LiquidCrystal_I2C.c(248,2): warning :  implicit declaration of function 'I2C_WriteData'; did you mean 'I2C_ReceiveData'? [-Wimplicit-function-declaration]
    248 |  I2C_WriteData(I2C1, (int)(_data) | lcdi2c.backlightval);  //printIIC((int)(_data) | _backlightval);
        |  ^~~~~~~~~~~~~
        |  I2C_ReceiveData
  inc/LiquidCrystal_I2C.c: In function 'LCDI2C_setBacklight':
inc\LiquidCrystal_I2C.c(285,3): warning :  implicit declaration of function 'backlight' [-Wimplicit-function-declaration]
    285 |   backlight();  // turn backlight on
        |   ^~~~~~~~~
inc\LiquidCrystal_I2C.c(287,3): warning :  implicit declaration of function 'noBacklight' [-Wimplicit-function-declaration]
    287 |   noBacklight();  // turn backlight off
        |   ^~~~~~~~~~~
  Linking VisualGDB/Debug/stm32_project_led_i2c...
  ------------------- Memory utilization report -------------------
  Used FLASH: 4928 bytes out of 128KB (3%) [+2880]
  Used SRAM: 76 bytes out of 8192 bytes (0%) [+48]
