d:\onedrive\!deutschland\self_education\stm32_project_led_i2c\stm32_project_led_i2c\visualgdb\debug\core_cm3.o
d:\onedrive\!deutschland\self_education\stm32_project_led_i2c\stm32_project_led_i2c\visualgdb\debug\ledblink.o
d:\onedrive\!deutschland\self_education\stm32_project_led_i2c\stm32_project_led_i2c\visualgdb\debug\misc.o
d:\onedrive\!deutschland\self_education\stm32_project_led_i2c\stm32_project_led_i2c\visualgdb\debug\startup_stm32f100xb.o
d:\onedrive\!deutschland\self_education\stm32_project_led_i2c\stm32_project_led_i2c\visualgdb\debug\stm32f10x_adc.o
d:\onedrive\!deutschland\self_education\stm32_project_led_i2c\stm32_project_led_i2c\visualgdb\debug\stm32f10x_bkp.o
d:\onedrive\!deutschland\self_education\stm32_project_led_i2c\stm32_project_led_i2c\visualgdb\debug\stm32f10x_can.o
d:\onedrive\!deutschland\self_education\stm32_project_led_i2c\stm32_project_led_i2c\visualgdb\debug\stm32f10x_cec.o
d:\onedrive\!deutschland\self_education\stm32_project_led_i2c\stm32_project_led_i2c\visualgdb\debug\stm32f10x_crc.o
d:\onedrive\!deutschland\self_education\stm32_project_led_i2c\stm32_project_led_i2c\visualgdb\debug\stm32f10x_dac.o
d:\onedrive\!deutschland\self_education\stm32_project_led_i2c\stm32_project_led_i2c\visualgdb\debug\stm32f10x_dbgmcu.o
d:\onedrive\!deutschland\self_education\stm32_project_led_i2c\stm32_project_led_i2c\visualgdb\debug\stm32f10x_dma.o
d:\onedrive\!deutschland\self_education\stm32_project_led_i2c\stm32_project_led_i2c\visualgdb\debug\stm32f10x_exti.o
d:\onedrive\!deutschland\self_education\stm32_project_led_i2c\stm32_project_led_i2c\visualgdb\debug\stm32f10x_flash.o
d:\onedrive\!deutschland\self_education\stm32_project_led_i2c\stm32_project_led_i2c\visualgdb\debug\stm32f10x_fsmc.o
d:\onedrive\!deutschland\self_education\stm32_project_led_i2c\stm32_project_led_i2c\visualgdb\debug\stm32f10x_gpio.o
d:\onedrive\!deutschland\self_education\stm32_project_led_i2c\stm32_project_led_i2c\visualgdb\debug\stm32f10x_i2c.o
d:\onedrive\!deutschland\self_education\stm32_project_led_i2c\stm32_project_led_i2c\visualgdb\debug\stm32f10x_iwdg.o
d:\onedrive\!deutschland\self_education\stm32_project_led_i2c\stm32_project_led_i2c\visualgdb\debug\stm32f10x_pwr.o
d:\onedrive\!deutschland\self_education\stm32_project_led_i2c\stm32_project_led_i2c\visualgdb\debug\stm32f10x_rcc.o
d:\onedrive\!deutschland\self_education\stm32_project_led_i2c\stm32_project_led_i2c\visualgdb\debug\stm32f10x_rtc.o
d:\onedrive\!deutschland\self_education\stm32_project_led_i2c\stm32_project_led_i2c\visualgdb\debug\stm32f10x_sdio.o
d:\onedrive\!deutschland\self_education\stm32_project_led_i2c\stm32_project_led_i2c\visualgdb\debug\stm32f10x_spi.o
d:\onedrive\!deutschland\self_education\stm32_project_led_i2c\stm32_project_led_i2c\visualgdb\debug\stm32f10x_tim.o
d:\onedrive\!deutschland\self_education\stm32_project_led_i2c\stm32_project_led_i2c\visualgdb\debug\stm32f10x_usart.o
d:\onedrive\!deutschland\self_education\stm32_project_led_i2c\stm32_project_led_i2c\visualgdb\debug\stm32f10x_wwdg.o
d:\onedrive\!deutschland\self_education\stm32_project_led_i2c\stm32_project_led_i2c\visualgdb\debug\system_stm32f10x.o
d:\onedrive\!deutschland\self_education\stm32_project_led_i2c\stm32_project_led_i2c\visualgdb\debug\core_cm3.dep
d:\onedrive\!deutschland\self_education\stm32_project_led_i2c\stm32_project_led_i2c\visualgdb\debug\ledblink.dep
d:\onedrive\!deutschland\self_education\stm32_project_led_i2c\stm32_project_led_i2c\visualgdb\debug\misc.dep
d:\onedrive\!deutschland\self_education\stm32_project_led_i2c\stm32_project_led_i2c\visualgdb\debug\startup_stm32f100xb.dep
d:\onedrive\!deutschland\self_education\stm32_project_led_i2c\stm32_project_led_i2c\visualgdb\debug\stm32f10x_adc.dep
d:\onedrive\!deutschland\self_education\stm32_project_led_i2c\stm32_project_led_i2c\visualgdb\debug\stm32f10x_bkp.dep
d:\onedrive\!deutschland\self_education\stm32_project_led_i2c\stm32_project_led_i2c\visualgdb\debug\stm32f10x_can.dep
d:\onedrive\!deutschland\self_education\stm32_project_led_i2c\stm32_project_led_i2c\visualgdb\debug\stm32f10x_cec.dep
d:\onedrive\!deutschland\self_education\stm32_project_led_i2c\stm32_project_led_i2c\visualgdb\debug\stm32f10x_crc.dep
d:\onedrive\!deutschland\self_education\stm32_project_led_i2c\stm32_project_led_i2c\visualgdb\debug\stm32f10x_dac.dep
d:\onedrive\!deutschland\self_education\stm32_project_led_i2c\stm32_project_led_i2c\visualgdb\debug\stm32f10x_dbgmcu.dep
d:\onedrive\!deutschland\self_education\stm32_project_led_i2c\stm32_project_led_i2c\visualgdb\debug\stm32f10x_dma.dep
d:\onedrive\!deutschland\self_education\stm32_project_led_i2c\stm32_project_led_i2c\visualgdb\debug\stm32f10x_exti.dep
d:\onedrive\!deutschland\self_education\stm32_project_led_i2c\stm32_project_led_i2c\visualgdb\debug\stm32f10x_flash.dep
d:\onedrive\!deutschland\self_education\stm32_project_led_i2c\stm32_project_led_i2c\visualgdb\debug\stm32f10x_fsmc.dep
d:\onedrive\!deutschland\self_education\stm32_project_led_i2c\stm32_project_led_i2c\visualgdb\debug\stm32f10x_gpio.dep
d:\onedrive\!deutschland\self_education\stm32_project_led_i2c\stm32_project_led_i2c\visualgdb\debug\stm32f10x_i2c.dep
d:\onedrive\!deutschland\self_education\stm32_project_led_i2c\stm32_project_led_i2c\visualgdb\debug\stm32f10x_iwdg.dep
d:\onedrive\!deutschland\self_education\stm32_project_led_i2c\stm32_project_led_i2c\visualgdb\debug\stm32f10x_pwr.dep
d:\onedrive\!deutschland\self_education\stm32_project_led_i2c\stm32_project_led_i2c\visualgdb\debug\stm32f10x_rcc.dep
d:\onedrive\!deutschland\self_education\stm32_project_led_i2c\stm32_project_led_i2c\visualgdb\debug\stm32f10x_rtc.dep
d:\onedrive\!deutschland\self_education\stm32_project_led_i2c\stm32_project_led_i2c\visualgdb\debug\stm32f10x_sdio.dep
d:\onedrive\!deutschland\self_education\stm32_project_led_i2c\stm32_project_led_i2c\visualgdb\debug\stm32f10x_spi.dep
d:\onedrive\!deutschland\self_education\stm32_project_led_i2c\stm32_project_led_i2c\visualgdb\debug\stm32f10x_tim.dep
d:\onedrive\!deutschland\self_education\stm32_project_led_i2c\stm32_project_led_i2c\visualgdb\debug\stm32f10x_usart.dep
d:\onedrive\!deutschland\self_education\stm32_project_led_i2c\stm32_project_led_i2c\visualgdb\debug\stm32f10x_wwdg.dep
d:\onedrive\!deutschland\self_education\stm32_project_led_i2c\stm32_project_led_i2c\visualgdb\debug\system_stm32f10x.dep
d:\onedrive\!deutschland\self_education\stm32_project_led_i2c\stm32_project_led_i2c\visualgdb\debug\stm32_project_led_i2c.link.rsp
d:\onedrive\!deutschland\self_education\stm32_project_led_i2c\stm32_project_led_i2c\visualgdb\debug\stm32_project_led_i2c.bin
d:\onedrive\!deutschland\self_education\stm32_project_led_i2c\stm32_project_led_i2c\visualgdb\debug\stm32_project_led_i2c.alldeps
d:\onedrive\!deutschland\self_education\stm32_project_led_i2c\stm32_project_led_i2c\visualgdb\debug\stm32_project_led_i2c
d:\onedrive\!deutschland\self_education\stm32_project_led_i2c\stm32_project_led_i2c\visualgdb\debug\core_cm3.gcc.rsp
d:\onedrive\!deutschland\self_education\stm32_project_led_i2c\stm32_project_led_i2c\visualgdb\debug\ledblink.gcc.rsp
d:\onedrive\!deutschland\self_education\stm32_project_led_i2c\stm32_project_led_i2c\visualgdb\debug\misc.gcc.rsp
d:\onedrive\!deutschland\self_education\stm32_project_led_i2c\stm32_project_led_i2c\visualgdb\debug\startup_stm32f100xb.gcc.rsp
d:\onedrive\!deutschland\self_education\stm32_project_led_i2c\stm32_project_led_i2c\visualgdb\debug\stm32f10x_adc.gcc.rsp
d:\onedrive\!deutschland\self_education\stm32_project_led_i2c\stm32_project_led_i2c\visualgdb\debug\stm32f10x_bkp.gcc.rsp
d:\onedrive\!deutschland\self_education\stm32_project_led_i2c\stm32_project_led_i2c\visualgdb\debug\stm32f10x_can.gcc.rsp
d:\onedrive\!deutschland\self_education\stm32_project_led_i2c\stm32_project_led_i2c\visualgdb\debug\stm32f10x_cec.gcc.rsp
d:\onedrive\!deutschland\self_education\stm32_project_led_i2c\stm32_project_led_i2c\visualgdb\debug\stm32f10x_crc.gcc.rsp
d:\onedrive\!deutschland\self_education\stm32_project_led_i2c\stm32_project_led_i2c\visualgdb\debug\stm32f10x_dac.gcc.rsp
d:\onedrive\!deutschland\self_education\stm32_project_led_i2c\stm32_project_led_i2c\visualgdb\debug\stm32f10x_dbgmcu.gcc.rsp
d:\onedrive\!deutschland\self_education\stm32_project_led_i2c\stm32_project_led_i2c\visualgdb\debug\stm32f10x_dma.gcc.rsp
d:\onedrive\!deutschland\self_education\stm32_project_led_i2c\stm32_project_led_i2c\visualgdb\debug\stm32f10x_exti.gcc.rsp
d:\onedrive\!deutschland\self_education\stm32_project_led_i2c\stm32_project_led_i2c\visualgdb\debug\stm32f10x_flash.gcc.rsp
d:\onedrive\!deutschland\self_education\stm32_project_led_i2c\stm32_project_led_i2c\visualgdb\debug\stm32f10x_fsmc.gcc.rsp
d:\onedrive\!deutschland\self_education\stm32_project_led_i2c\stm32_project_led_i2c\visualgdb\debug\stm32f10x_gpio.gcc.rsp
d:\onedrive\!deutschland\self_education\stm32_project_led_i2c\stm32_project_led_i2c\visualgdb\debug\stm32f10x_i2c.gcc.rsp
d:\onedrive\!deutschland\self_education\stm32_project_led_i2c\stm32_project_led_i2c\visualgdb\debug\stm32f10x_iwdg.gcc.rsp
d:\onedrive\!deutschland\self_education\stm32_project_led_i2c\stm32_project_led_i2c\visualgdb\debug\stm32f10x_pwr.gcc.rsp
d:\onedrive\!deutschland\self_education\stm32_project_led_i2c\stm32_project_led_i2c\visualgdb\debug\stm32f10x_rcc.gcc.rsp
d:\onedrive\!deutschland\self_education\stm32_project_led_i2c\stm32_project_led_i2c\visualgdb\debug\stm32f10x_rtc.gcc.rsp
d:\onedrive\!deutschland\self_education\stm32_project_led_i2c\stm32_project_led_i2c\visualgdb\debug\stm32f10x_sdio.gcc.rsp
d:\onedrive\!deutschland\self_education\stm32_project_led_i2c\stm32_project_led_i2c\visualgdb\debug\stm32f10x_spi.gcc.rsp
d:\onedrive\!deutschland\self_education\stm32_project_led_i2c\stm32_project_led_i2c\visualgdb\debug\stm32f10x_tim.gcc.rsp
d:\onedrive\!deutschland\self_education\stm32_project_led_i2c\stm32_project_led_i2c\visualgdb\debug\stm32f10x_usart.gcc.rsp
d:\onedrive\!deutschland\self_education\stm32_project_led_i2c\stm32_project_led_i2c\visualgdb\debug\stm32f10x_wwdg.gcc.rsp
d:\onedrive\!deutschland\self_education\stm32_project_led_i2c\stm32_project_led_i2c\visualgdb\debug\stm32_project_led_i2c.mkbin.rsp
d:\onedrive\!deutschland\self_education\stm32_project_led_i2c\stm32_project_led_i2c\visualgdb\debug\system_stm32f10x.gcc.rsp
